<?xml version="1.0" encoding="UTF-8"?>
<!-- Generated by org.testng.reporters.JUnitReportReporter -->
<testsuite skipped="0" hostname="DESKTOP-2NEM2G6" name="com.inetBanking.TestCases.TC_LoginDDT_002" tests="5" failures="0" timestamp="30 Oct 2021 19:55:15 GMT" time="28.197" errors="0">
  <testcase name="loginDDT" time="5.438" classname="com.inetBanking.TestCases.TC_LoginDDT_002"/>
  <testcase name="loginDDT" time="5.019" classname="com.inetBanking.TestCases.TC_LoginDDT_002"/>
  <testcase name="loginDDT" time="5.966" classname="com.inetBanking.TestCases.TC_LoginDDT_002"/>
  <testcase name="loginDDT" time="5.792" classname="com.inetBanking.TestCases.TC_LoginDDT_002"/>
  <testcase name="loginDDT" time="5.982" classname="com.inetBanking.TestCases.TC_LoginDDT_002"/>
</testsuite> <!-- com.inetBanking.TestCases.TC_LoginDDT_002 -->
